2025/01/31 18:28:49 localLog.go:36: [INFO] register product-service
2025/01/31 18:46:02 localLog.go:36: [INFO] etcd: first time register product-server
2025/01/31 21:36:09 localLog.go:36: [INFO] etcd: first time register product-server
2025/01/31 21:41:31 localLog.go:36: [INFO] etcd: first time register product-server
2025/01/31 21:46:38 localLog.go:36: [INFO] etcd: first time register product-server
2025/01/31 22:46:23 localLog.go:36: [INFO] etcd: first time register product-server
2025/01/31 22:54:17 localLog.go:46: [ERROR] GetProductDetail--Failed to scan row: sql: expected 9 destination arguments in Scan, not 6
2025/01/31 22:56:16 localLog.go:36: [INFO] etcd: first time register product-server
2025/01/31 22:56:21 localLog.go:46: [ERROR] GetProductDetail--Failed to scan row: sql: Scan error on column index 0, name "image": converting NULL to string is unsupported
2025/02/01 23:06:47 localLog.go:36: [INFO] etcd: first time register product-server
2025/02/01 23:23:38 localLog.go:36: [INFO] etcd: first time register product-server
2025/02/01 23:43:50 localLog.go:36: [INFO] etcd: first time register product-server
2025/02/01 23:58:01 localLog.go:36: [INFO] etcd: first time register product-server
2025/02/01 23:58:13 localLog.go:46: [ERROR] GetProductDetail--Failed to scan row: sql: Scan error on column index 2, name "stock": converting NULL to int32 is unsupported
2025/02/01 23:59:16 localLog.go:46: [ERROR] GetProductDetail--Failed to scan row: sql: Scan error on column index 2, name "stock": converting NULL to int32 is unsupported
2025/02/01 23:59:50 localLog.go:36: [INFO] etcd: first time register product-server
2025/02/01 23:59:56 localLog.go:46: [ERROR] GetProductDetail--Failed to scan row: sql: Scan error on column index 2, name "stock": converting NULL to int32 is unsupported
2025/02/02 00:01:26 localLog.go:36: [INFO] etcd: first time register product-server
2025/02/02 00:01:30 localLog.go:46: [ERROR] GetProductDetail--Failed to scan row: sql: Scan error on column index 2, name "stock": converting NULL to int32 is unsupported
2025/02/02 00:03:28 localLog.go:36: [INFO] etcd: first time register product-server
2025/02/02 00:49:37 localLog.go:36: [INFO] etcd: first time register product-server
2025/02/02 00:58:41 localLog.go:36: [INFO] etcd: first time register product-server
2025/02/02 00:59:36 localLog.go:36: [INFO] etcd: first time register product-server
2025/02/02 01:00:35 localLog.go:36: [INFO] etcd: first time register product-server
2025/02/02 18:48:21 localLog.go:36: [INFO] etcd: first time register product-server
2025/02/02 18:48:48 localLog.go:46: [ERROR] GetProductList--Failed to execute query: sql: expected 1 arguments, got 2
2025/02/02 18:51:53 localLog.go:36: [INFO] etcd: first time register product-server
2025/02/02 18:52:07 localLog.go:46: [ERROR] GetProductList--Failed to scan row: sql: Scan error on column index 5, name "price": converting NULL to float64 is unsupported
2025/02/02 19:14:03 localLog.go:36: [INFO] etcd: first time register product-server
2025/02/02 19:15:40 localLog.go:36: [INFO] etcd: first time register product-server
2025/02/02 19:18:49 localLog.go:36: [INFO] etcd: first time register product-server
2025/02/02 19:23:22 localLog.go:36: [INFO] etcd: first time register product-server
2025/02/02 19:26:51 localLog.go:36: [INFO] etcd: first time register product-server
2025/02/02 19:29:32 localLog.go:36: [INFO] etcd: first time register product-server
2025/02/02 19:32:58 localLog.go:36: [INFO] etcd: first time register product-server
2025/02/02 19:33:01 localLog.go:46: [ERROR] GetProductList--Failed to execute base query: Error 1054 (42S22): Unknown column 'p.create_at' in 'order clause'
2025/02/02 19:33:30 localLog.go:36: [INFO] etcd: first time register product-server
2025/02/02 19:35:15 localLog.go:36: [INFO] etcd: first time register product-server
2025/02/02 19:41:08 localLog.go:36: [INFO] etcd: first time register product-server
2025/02/02 19:41:33 localLog.go:36: [INFO] etcd: first time register product-server
2025/02/02 19:43:40 localLog.go:36: [INFO] etcd: first time register product-server
2025/02/02 21:18:52 localLog.go:36: [INFO] etcd: first time register product-server
2025/02/02 21:33:51 localLog.go:36: [INFO] etcd: first time register product-server
2025/02/02 21:38:44 localLog.go:36: [INFO] etcd: first time register product-server
2025/02/02 21:40:21 localLog.go:36: [INFO] etcd: first time register product-server
2025/02/02 22:01:28 localLog.go:36: [INFO] etcd: first time register product-server
2025/02/02 22:02:54 localLog.go:46: [ERROR] GetProductList--Failed to execute base query: Error 1054 (42S22): Unknown column 'p.category_id' in 'where clause'
2025/02/02 22:04:30 localLog.go:36: [INFO] etcd: first time register product-server
2025/02/02 22:08:04 localLog.go:36: [INFO] etcd: first time register product-server
2025/02/02 22:09:53 localLog.go:36: [INFO] etcd: first time register product-server
2025/02/02 22:10:46 localLog.go:36: [INFO] etcd: first time register product-server
2025/02/02 22:12:28 localLog.go:36: [INFO] etcd: first time register product-server
2025/02/03 15:46:18 localLog.go:36: [INFO] etcd: first time register product-server
2025/02/03 15:53:33 localLog.go:36: [INFO] etcd: first time register product-server
2025/02/03 16:50:31 localLog.go:46: [ERROR] GetSecProductDetail--Failed to execute base query: sql: Scan error on column index 2, name "price": converting NULL to float64 is unsupported
2025/02/03 17:27:51 localLog.go:36: [INFO] etcd: first time register product-server
2025/02/03 17:30:08 localLog.go:36: [INFO] etcd: first time register product-server
2025/02/03 17:41:23 localLog.go:36: [INFO] etcd: first time register product-server
2025/02/03 17:43:18 localLog.go:36: [INFO] etcd: first time register product-server
2025/02/03 17:45:08 localLog.go:36: [INFO] etcd: first time register product-server
2025/02/03 17:49:26 localLog.go:36: [INFO] etcd: first time register product-server
2025/02/03 17:49:46 localLog.go:46: [ERROR] GetList--Failed to execute count query: Error 1064 (42000): You have an error in your SQL syntax; check the manual that corresponds to your MySQL server version for the right syntax to use near 'AND p.kind = ?' at line 11
2025/02/03 17:51:27 localLog.go:36: [INFO] etcd: first time register product-server
2025/02/03 17:52:15 localLog.go:36: [INFO] etcd: first time register product-server
2025/02/03 20:30:16 localLog.go:36: [INFO] etcd: first time register product-server
2025/02/03 20:31:52 localLog.go:36: [INFO] etcd: first time register product-server
2025/02/03 20:31:55 localLog.go:46: [ERROR] GetList--Failed to scan base row: sql: Scan error on column index 6, name "price": converting NULL to float64 is unsupported
2025/02/03 20:33:51 localLog.go:46: [ERROR] GetList--Failed to scan base row: sql: Scan error on column index 6, name "price": converting NULL to float64 is unsupported
2025/02/03 20:35:08 localLog.go:36: [INFO] etcd: first time register product-server
2025/02/03 20:58:55 localLog.go:36: [INFO] etcd: first time register product-server
2025/02/03 21:15:11 localLog.go:36: [INFO] etcd: first time register product-server
2025/02/03 21:16:28 localLog.go:36: [INFO] etcd: first time register product-server
2025/02/03 21:17:06 localLog.go:36: [INFO] etcd: first time register product-server
2025/02/03 21:18:02 localLog.go:36: [INFO] etcd: first time register product-server
2025/02/03 21:18:51 localLog.go:46: [ERROR] GetSecProductDetail--Failed to execute base query: sql: Scan error on column index 2, name "price": converting NULL to float64 is unsupported
2025/02/03 21:18:57 localLog.go:46: [ERROR] GetSecProductDetail--Failed to execute base query: sql: Scan error on column index 2, name "price": converting NULL to float64 is unsupported
2025/02/03 21:19:04 localLog.go:46: [ERROR] GetSecProductDetail--Failed to execute base query: sql: Scan error on column index 2, name "price": converting NULL to float64 is unsupported
2025/02/03 21:19:05 localLog.go:46: [ERROR] GetSecProductDetail--Failed to execute base query: sql: Scan error on column index 2, name "price": converting NULL to float64 is unsupported
2025/02/03 21:19:24 localLog.go:46: [ERROR] GetSecProductDetail--Failed to execute base query: sql: Scan error on column index 2, name "price": converting NULL to float64 is unsupported
2025/02/03 21:19:28 localLog.go:46: [ERROR] GetSecProductDetail--Failed to execute base query: sql: Scan error on column index 2, name "price": converting NULL to float64 is unsupported
2025/02/03 21:19:33 localLog.go:46: [ERROR] GetSecProductDetail--Failed to execute base query: sql: Scan error on column index 2, name "price": converting NULL to float64 is unsupported
2025/02/03 21:19:40 localLog.go:46: [ERROR] GetSecProductDetail--Failed to execute base query: sql: Scan error on column index 2, name "price": converting NULL to float64 is unsupported
2025/02/03 21:19:43 localLog.go:46: [ERROR] GetSecProductDetail--Failed to execute base query: sql: Scan error on column index 2, name "price": converting NULL to float64 is unsupported
2025/02/03 21:20:10 localLog.go:46: [ERROR] GetSecProductDetail--Failed to execute base query: sql: Scan error on column index 2, name "price": converting NULL to float64 is unsupported
2025/02/03 21:20:20 localLog.go:46: [ERROR] GetSecProductDetail--Failed to execute base query: sql: Scan error on column index 2, name "price": converting NULL to float64 is unsupported
2025/02/03 21:20:53 localLog.go:46: [ERROR] GetSecProductDetail--Failed to execute base query: sql: Scan error on column index 2, name "price": converting NULL to float64 is unsupported
2025/02/03 21:20:57 localLog.go:46: [ERROR] GetSecProductDetail--Failed to execute base query: sql: Scan error on column index 2, name "price": converting NULL to float64 is unsupported
2025/02/03 21:27:18 localLog.go:36: [INFO] etcd: first time register product-server
2025/02/05 19:52:48 localLog.go:36: [INFO] etcd: first time register product-server
2025/02/05 23:10:45 localLog.go:36: [INFO] etcd: first time register product-server
2025/02/05 23:54:49 localLog.go:36: [INFO] etcd: first time register product-server
2025/02/06 00:46:46 localLog.go:36: [INFO] etcd: first time register product-server
2025/02/06 19:45:00 localLog.go:36: [INFO] etcd: first time register product-server
2025/02/06 20:26:51 localLog.go:36: [INFO] etcd: first time register product-server
2025/02/06 20:27:29 localLog.go:36: [INFO] etcd: first time register product-server
2025/02/06 20:28:18 localLog.go:36: [INFO] etcd: first time register product-server
2025/02/06 20:29:59 localLog.go:36: [INFO] etcd: first time register product-server
2025/02/06 23:19:58 localLog.go:36: [INFO] etcd: first time register product-server
2025/02/06 23:42:13 localLog.go:36: [INFO] etcd: first time register product-server
2025/02/06 23:44:09 localLog.go:36: [INFO] etcd: first time register product-server
2025/02/06 23:48:12 localLog.go:36: [INFO] etcd: first time register product-server
2025/02/06 23:48:47 localLog.go:36: [INFO] etcd: first time register product-server
2025/02/07 16:53:27 localLog.go:36: [INFO] etcd: first time register product-server
2025/02/09 15:55:52 localLog.go:36: [INFO] etcd: first time register product-server
2025/02/10 15:15:28 localLog.go:36: [INFO] etcd: first time register product-server
2025/02/11 20:55:26 localLog.go:36: [INFO] etcd: first time register product-server
2025/02/11 21:11:45 localLog.go:36: [INFO] etcd: first time register product-server
2025/02/13 14:56:57 localLog.go:36: [INFO] etcd: first time register product-server
2025/02/13 16:40:10 localLog.go:36: [INFO] etcd: first time register product-server
2025/02/13 16:53:36 localLog.go:36: [INFO] etcd: first time register product-server
2025/02/13 16:54:11 localLog.go:36: [INFO] etcd: first time register product-server
2025/02/13 16:56:04 localLog.go:36: [INFO] etcd: first time register product-server
2025/02/13 17:04:56 localLog.go:36: [INFO] etcd: first time register product-server
2025/02/13 17:05:59 localLog.go:36: [INFO] etcd: first time register product-server
2025/02/13 17:07:37 localLog.go:36: [INFO] etcd: first time register product-server
2025/02/13 17:08:09 localLog.go:36: [INFO] etcd: first time register product-server
2025/02/13 17:10:42 localLog.go:36: [INFO] etcd: first time register product-server
2025/02/13 17:12:25 localLog.go:36: [INFO] etcd: first time register product-server
2025/02/13 17:13:01 localLog.go:36: [INFO] etcd: first time register product-server
2025/02/13 17:18:16 localLog.go:36: [INFO] etcd: first time register product-server
2025/02/13 17:19:30 localLog.go:36: [INFO] etcd: first time register product-server
2025/02/13 17:20:23 localLog.go:36: [INFO] etcd: first time register product-server
2025/02/13 17:21:40 localLog.go:36: [INFO] etcd: first time register product-server
2025/02/13 17:23:12 localLog.go:36: [INFO] etcd: first time register product-server
2025/02/13 17:24:09 localLog.go:36: [INFO] etcd: first time register product-server
2025/02/13 17:25:18 localLog.go:36: [INFO] etcd: first time register product-server
2025/02/13 17:28:47 localLog.go:36: [INFO] etcd: first time register product-server
2025/02/13 17:30:52 localLog.go:36: [INFO] etcd: first time register product-server
2025/02/13 17:33:53 localLog.go:36: [INFO] etcd: first time register product-server
2025/02/13 17:37:22 localLog.go:36: [INFO] etcd: first time register product-server
2025/02/13 17:44:47 localLog.go:36: [INFO] etcd: first time register product-server
2025/02/13 17:56:19 localLog.go:36: [INFO] etcd: first time register product-server
2025/02/13 17:57:51 localLog.go:36: [INFO] etcd: first time register product-server
2025/02/13 17:59:38 localLog.go:36: [INFO] etcd: first time register product-server
2025/02/13 18:00:48 localLog.go:36: [INFO] etcd: first time register product-server
2025/02/13 18:07:15 localLog.go:46: [ERROR] GetList--Failed to execute type query: Error 1146 (42S02): Table 'b2c_product.product_type' doesn't exist
2025/02/13 18:07:31 localLog.go:36: [INFO] etcd: first time register product-server
2025/02/13 20:58:59 localLog.go:36: [INFO] etcd: first time register product-server
2025/02/13 21:30:19 localLog.go:36: [INFO] etcd: first time register product-server
2025/02/13 21:30:28 localLog.go:46: [ERROR] GetOrderConfirmProduct--Failed to scan row: sql: Scan error on column index 2, name "cover": converting NULL to string is unsupported
2025/02/13 23:03:19 localLog.go:36: [INFO] etcd: first time register product-server
2025/02/13 23:03:24 localLog.go:46: [ERROR] GetOrderConfirmProduct--Failed to scan row: sql: expected 5 destination arguments in Scan, not 4
2025/02/13 23:04:48 localLog.go:36: [INFO] etcd: first time register product-server
2025/02/14 19:14:59 localLog.go:36: [INFO] etcd: first time register product-server
2025/02/15 19:56:31 localLog.go:36: [INFO] etcd: first time register product-server
2025/02/15 23:05:47 localLog.go:36: [INFO] etcd: first time register product-server
2025/02/15 23:31:06 localLog.go:36: [INFO] etcd: first time register product-server
2025/02/16 18:08:50 localLog.go:36: [INFO] etcd: first time register product-server
2025/02/16 18:35:03 localLog.go:36: [INFO] etcd: first time register product-server
